Обновление e215edb4..4520988c
Fast-forward
 _config.yml                           |   4 ++--
 _includes/footer/footer.html          |   8 ++++++--
 _includes/forms/search-datatable.html |   2 +-
 _includes/sections/banner.html        |  18 ++++++++++--------
 api/api-mobile.php                    |   2 +-
 api/index.php                         |   8 ++++++++
 assets/icons/apple-brands.svg         |   1 +
 assets/icons/google-play-brands.svg   |   1 +
 assets/images/banners/srv.jpg         | Bin 0 -> 485928 bytes
 assets/images/icons/appstore.png      | Bin 0 -> 45890 bytes
 assets/images/icons/googleplay.png    | Bin 0 -> 71286 bytes
 assets/js/details.js                  |   4 ++--
 assets/js/ships-list.js               |   2 +-
 13 files changed, 33 insertions(+), 17 deletions(-)
 create mode 100644 api/index.php
 create mode 100644 assets/icons/apple-brands.svg
 create mode 100644 assets/icons/google-play-brands.svg
 create mode 100644 assets/images/banners/srv.jpg
 create mode 100644 assets/images/icons/appstore.png
 create mode 100644 assets/images/icons/googleplay.png
